# JRE version: OpenJDK Runtime Environment Temurin-17.0.9+9 (17.0.9+9) (build 17.0.9+9)
# Java VM: OpenJDK 64-Bit Server VM Temurin-17.0.9+9 (17.0.9+9, mixed mode, sharing, tiered, compressed oops, compressed class ptrs, g1 gc, windows-amd64)
GC Precious Log:
 CPUs: 12 total, 12 available
 Memory: 5996M
 Large Page Support: Disabled
 NUMA Support: Disabled
 Compressed Oops: Enabled (32-bit)
 Heap Region Size: 1M
 Heap Min Capacity: 8M
 Heap Initial Capacity: 94M
 Heap Max Capacity: 1500M
 Pre-touch: Disabled
 Parallel Workers: 10
 Concurrent Workers: 3
 Concurrent Refinement Workers: 10
 Periodic GC: Disabled
Heap:
 garbage-first heap   total 196608K, used 106047K [0x00000000a2400000, 0x0000000100000000)
  region size 1024K, 8 young (8192K), 2 survivors (2048K)
 Metaspace       used 10743K, committed 10880K, reserved 1114112K
  class space    used 1082K, committed 1152K, reserved 1048576K
GC Heap History (20 events):
Event: 1.460 GC heap before
{Heap before GC invocations=1 (full 0):
 garbage-first heap   total 96256K, used 44045K [0x00000000a2400000, 0x0000000100000000)
  region size 1024K, 6 young (6144K), 3 survivors (3072K)
 Metaspace       used 9501K, committed 9600K, reserved 1114112K
  class space    used 1037K, committed 1088K, reserved 1048576K
}
Event: 1.463 GC heap after
{Heap after GC invocations=2 (full 0):
 garbage-first heap   total 96256K, used 42783K [0x00000000a2400000, 0x0000000100000000)
  region size 1024K, 1 young (1024K), 1 survivors (1024K)
 Metaspace       used 9501K, committed 9600K, reserved 1114112K
  class space    used 1037K, committed 1088K, reserved 1048576K
}
Event: 4.679 GC heap before
{Heap before GC invocations=2 (full 0):
 garbage-first heap   total 96256K, used 58143K [0x00000000a2400000, 0x0000000100000000)
  region size 1024K, 9 young (9216K), 1 survivors (1024K)
 Metaspace       used 9963K, committed 10112K, reserved 1114112K
  class space    used 1062K, committed 1152K, reserved 1048576K
}
Event: 4.680 GC heap after
{Heap after GC invocations=3 (full 0):
 garbage-first heap   total 96256K, used 50714K [0x00000000a2400000, 0x0000000100000000)
  region size 1024K, 1 young (1024K), 1 survivors (1024K)
 Metaspace       used 9963K, committed 10112K, reserved 1114112K
  class space    used 1062K, committed 1152K, reserved 1048576K
}
Event: 39.033 GC heap before
{Heap before GC invocations=4 (full 0):
 garbage-first heap   total 96256K, used 72218K [0x00000000a2400000, 0x0000000100000000)
  region size 1024K, 22 young (22528K), 1 survivors (1024K)
 Metaspace       used 10200K, committed 10432K, reserved 1114112K
  class space    used 1062K, committed 1152K, reserved 1048576K
}
Event: 39.033 GC heap after
{Heap after GC invocations=5 (full 0):
 garbage-first heap   total 96256K, used 50688K [0x00000000a2400000, 0x0000000100000000)
  region size 1024K, 1 young (1024K), 1 survivors (1024K)
 Metaspace       used 10200K, committed 10432K, reserved 1114112K
  class space    used 1062K, committed 1152K, reserved 1048576K
}
Event: 121.387 GC heap before
{Heap before GC invocations=5 (full 0):
 garbage-first heap   total 96256K, used 74240K [0x00000000a2400000, 0x0000000100000000)
  region size 1024K, 24 young (24576K), 1 survivors (1024K)
 Metaspace       used 10224K, committed 10432K, reserved 1114112K
  class space    used 1062K, committed 1152K, reserved 1048576K
}
Event: 121.388 GC heap after
{Heap after GC invocations=6 (full 0):
 garbage-first heap   total 96256K, used 50711K [0x00000000a2400000, 0x0000000100000000)
  region size 1024K, 1 young (1024K), 1 survivors (1024K)
 Metaspace       used 10224K, committed 10432K, reserved 1114112K
  class space    used 1062K, committed 1152K, reserved 1048576K
}
Event: 231.261 GC heap before
{Heap before GC invocations=7 (full 0):
 garbage-first heap   total 96256K, used 76311K [0x00000000a2400000, 0x0000000100000000)
  region size 1024K, 26 young (26624K), 1 survivors (1024K)
 Metaspace       used 10225K, committed 10432K, reserved 1114112K
  class space    used 1062K, committed 1152K, reserved 1048576K
}
Event: 231.262 GC heap after
{Heap after GC invocations=8 (full 0):
 garbage-first heap   total 96256K, used 50714K [0x00000000a2400000, 0x0000000100000000)
  region size 1024K, 1 young (1024K), 1 survivors (1024K)
 Metaspace       used 10225K, committed 10432K, reserved 1114112K
  class space    used 1062K, committed 1152K, reserved 1048576K
}
Event: 351.281 GC heap before
{Heap before GC invocations=8 (full 0):
 garbage-first heap   total 96256K, used 78362K [0x00000000a2400000, 0x0000000100000000)
  region size 1024K, 28 young (28672K), 1 survivors (1024K)
 Metaspace       used 10233K, committed 10432K, reserved 1114112K
  class space    used 1062K, committed 1152K, reserved 1048576K
}
Event: 351.282 GC heap after
{Heap after GC invocations=9 (full 0):
 garbage-first heap   total 96256K, used 50710K [0x00000000a2400000, 0x0000000100000000)
  region size 1024K, 1 young (1024K), 1 survivors (1024K)
 Metaspace       used 10233K, committed 10432K, reserved 1114112K
  class space    used 1062K, committed 1152K, reserved 1048576K
}
Event: 470.149 GC heap before
{Heap before GC invocations=10 (full 0):
 garbage-first heap   total 96256K, used 79382K [0x00000000a2400000, 0x0000000100000000)
  region size 1024K, 30 young (30720K), 1 survivors (1024K)
 Metaspace       used 10447K, committed 10624K, reserved 1114112K
  class space    used 1074K, committed 1152K, reserved 1048576K
}
Event: 470.151 GC heap after
{Heap after GC invocations=11 (full 0):
 garbage-first heap   total 96256K, used 50912K [0x00000000a2400000, 0x0000000100000000)
  region size 1024K, 1 young (1024K), 1 survivors (1024K)
 Metaspace       used 10447K, committed 10624K, reserved 1114112K
  class space    used 1074K, committed 1152K, reserved 1048576K
}
Event: 472.917 GC heap before
{Heap before GC invocations=12 (full 0):
 garbage-first heap   total 163840K, used 105184K [0x00000000a2400000, 0x0000000100000000)
  region size 1024K, 11 young (11264K), 1 survivors (1024K)
 Metaspace       used 10596K, committed 10752K, reserved 1114112K
  class space    used 1082K, committed 1152K, reserved 1048576K
}
Event: 472.918 GC heap after
{Heap after GC invocations=13 (full 0):
 garbage-first heap   total 196608K, used 96029K [0x00000000a2400000, 0x0000000100000000)
  region size 1024K, 1 young (1024K), 1 survivors (1024K)
 Metaspace       used 10596K, committed 10752K, reserved 1114112K
  class space    used 1082K, committed 1152K, reserved 1048576K
}
Event: 479.550 GC heap before
{Heap before GC invocations=14 (full 0):
 garbage-first heap   total 196608K, used 115485K [0x00000000a2400000, 0x0000000100000000)
  region size 1024K, 20 young (20480K), 1 survivors (1024K)
 Metaspace       used 10653K, committed 10816K, reserved 1114112K
  class space    used 1082K, committed 1152K, reserved 1048576K
}
Event: 479.553 GC heap after
{Heap after GC invocations=15 (full 0):
 garbage-first heap   total 196608K, used 97677K [0x00000000a2400000, 0x0000000100000000)
  region size 1024K, 2 young (2048K), 2 survivors (2048K)
 Metaspace       used 10653K, committed 10816K, reserved 1114112K
  class space    used 1082K, committed 1152K, reserved 1048576K
}
Event: 491.913 GC heap before
{Heap before GC invocations=16 (full 0):
 garbage-first heap   total 196608K, used 115085K [0x00000000a2400000, 0x0000000100000000)
  region size 1024K, 19 young (19456K), 2 survivors (2048K)
 Metaspace       used 10694K, committed 10880K, reserved 1114112K
  class space    used 1082K, committed 1152K, reserved 1048576K
}
Event: 491.914 GC heap after
{Heap after GC invocations=17 (full 0):
 garbage-first heap   total 196608K, used 98879K [0x00000000a2400000, 0x0000000100000000)
  region size 1024K, 2 young (2048K), 2 survivors (2048K)
 Metaspace       used 10694K, committed 10880K, reserved 1114112K
  class space    used 1082K, committed 1152K, reserved 1048576K
}

